# JRE version: OpenJDK Runtime Environment Temurin-17.0.12+7 (17.0.12+7) (build 17.0.12+7)
# Java VM: OpenJDK 64-Bit Server VM Temurin-17.0.12+7 (17.0.12+7, mixed mode, sharing, tiered, compressed oops, compressed class ptrs, parallel gc, linux-amd64)
GC Precious Log:
 CPUs: 8 total, 8 available
 Memory: 6570M
 Large Page Support: Disabled
 NUMA Support: Disabled
 Compressed Oops: Enabled (32-bit)
 Alignments: Space 512K, Generation 512K, Heap 2M
 Heap Min Capacity: 100M
 Heap Initial Capacity: 100M
 Heap Max Capacity: 1G
 Pre-touch: Disabled
 Parallel Workers: 8
Heap:
 PSYoungGen      total 31744K, used 18153K [0x00000000eab00000, 0x00000000ed180000, 0x0000000100000000)
  eden space 24064K, 44% used [0x00000000eab00000,0x00000000eb56ccc0,0x00000000ec280000)
  from space 7680K, 97% used [0x00000000eca00000,0x00000000ed14d758,0x00000000ed180000)
  to   space 7680K, 0% used [0x00000000ec280000,0x00000000ec280000,0x00000000eca00000)
 ParOldGen       total 380928K, used 321099K [0x00000000c0000000, 0x00000000d7400000, 0x00000000eab00000)
  object space 380928K, 84% used [0x00000000c0000000,0x00000000d3992ea0,0x00000000d7400000)
 Metaspace       used 85361K, committed 86720K, reserved 1179648K
  class space    used 9894K, committed 10432K, reserved 1048576K
GC Heap History (20 events):
Event: 41.355 GC heap before
{Heap before GC invocations=212 (full 13):
 PSYoungGen      total 30720K, used 30704K [0x00000000eab00000, 0x00000000ecd00000, 0x0000000100000000)
  eden space 29184K, 100% used [0x00000000eab00000,0x00000000ec780000,0x00000000ec780000)
  from space 1536K, 98% used [0x00000000ecb80000,0x00000000eccfc030,0x00000000ecd00000)
  to   space 2560K, 0% used [0x00000000ec800000,0x00000000ec800000,0x00000000eca80000)
 ParOldGen       total 380928K, used 315217K [0x00000000c0000000, 0x00000000d7400000, 0x00000000eab00000)
  object space 380928K, 82% used [0x00000000c0000000,0x00000000d33d4658,0x00000000d7400000)
 Metaspace       used 84522K, committed 85888K, reserved 1179648K
  class space    used 9864K, committed 10432K, reserved 1048576K
}
Event: 41.357 GC heap after
{Heap after GC invocations=212 (full 13):
 PSYoungGen      total 31232K, used 1760K [0x00000000eab00000, 0x00000000ecc00000, 0x0000000100000000)
  eden space 29184K, 0% used [0x00000000eab00000,0x00000000eab00000,0x00000000ec780000)
  from space 2048K, 85% used [0x00000000ec800000,0x00000000ec9b8138,0x00000000eca00000)
  to   space 2048K, 0% used [0x00000000eca00000,0x00000000eca00000,0x00000000ecc00000)
 ParOldGen       total 380928K, used 315819K [0x00000000c0000000, 0x00000000d7400000, 0x00000000eab00000)
  object space 380928K, 82% used [0x00000000c0000000,0x00000000d346af88,0x00000000d7400000)
 Metaspace       used 84522K, committed 85888K, reserved 1179648K
  class space    used 9864K, committed 10432K, reserved 1048576K
}
Event: 41.453 GC heap before
{Heap before GC invocations=213 (full 13):
 PSYoungGen      total 31232K, used 30944K [0x00000000eab00000, 0x00000000ecc00000, 0x0000000100000000)
  eden space 29184K, 100% used [0x00000000eab00000,0x00000000ec780000,0x00000000ec780000)
  from space 2048K, 85% used [0x00000000ec800000,0x00000000ec9b8138,0x00000000eca00000)
  to   space 2048K, 0% used [0x00000000eca00000,0x00000000eca00000,0x00000000ecc00000)
 ParOldGen       total 380928K, used 315819K [0x00000000c0000000, 0x00000000d7400000, 0x00000000eab00000)
  object space 380928K, 82% used [0x00000000c0000000,0x00000000d346af88,0x00000000d7400000)
 Metaspace       used 84525K, committed 85888K, reserved 1179648K
  class space    used 9864K, committed 10432K, reserved 1048576K
}
Event: 41.455 GC heap after
{Heap after GC invocations=213 (full 13):
 PSYoungGen      total 30720K, used 1472K [0x00000000eab00000, 0x00000000ecb80000, 0x0000000100000000)
  eden space 29184K, 0% used [0x00000000eab00000,0x00000000eab00000,0x00000000ec780000)
  from space 1536K, 95% used [0x00000000eca00000,0x00000000ecb70000,0x00000000ecb80000)
  to   space 2048K, 0% used [0x00000000ec780000,0x00000000ec780000,0x00000000ec980000)
 ParOldGen       total 380928K, used 315819K [0x00000000c0000000, 0x00000000d7400000, 0x00000000eab00000)
  object space 380928K, 82% used [0x00000000c0000000,0x00000000d346af88,0x00000000d7400000)
 Metaspace       used 84525K, committed 85888K, reserved 1179648K
  class space    used 9864K, committed 10432K, reserved 1048576K
}
Event: 41.554 GC heap before
{Heap before GC invocations=214 (full 13):
 PSYoungGen      total 30720K, used 30656K [0x00000000eab00000, 0x00000000ecb80000, 0x0000000100000000)
  eden space 29184K, 100% used [0x00000000eab00000,0x00000000ec780000,0x00000000ec780000)
  from space 1536K, 95% used [0x00000000eca00000,0x00000000ecb70000,0x00000000ecb80000)
  to   space 2048K, 0% used [0x00000000ec780000,0x00000000ec780000,0x00000000ec980000)
 ParOldGen       total 380928K, used 315819K [0x00000000c0000000, 0x00000000d7400000, 0x00000000eab00000)
  object space 380928K, 82% used [0x00000000c0000000,0x00000000d346af88,0x00000000d7400000)
 Metaspace       used 84526K, committed 85888K, reserved 1179648K
  class space    used 9864K, committed 10432K, reserved 1048576K
}
Event: 41.556 GC heap after
{Heap after GC invocations=214 (full 13):
 PSYoungGen      total 30720K, used 1344K [0x00000000eab00000, 0x00000000eca80000, 0x0000000100000000)
  eden space 29184K, 0% used [0x00000000eab00000,0x00000000eab00000,0x00000000ec780000)
  from space 1536K, 87% used [0x00000000ec780000,0x00000000ec8d0000,0x00000000ec900000)
  to   space 1536K, 0% used [0x00000000ec900000,0x00000000ec900000,0x00000000eca80000)
 ParOldGen       total 380928K, used 315819K [0x00000000c0000000, 0x00000000d7400000, 0x00000000eab00000)
  object space 380928K, 82% used [0x00000000c0000000,0x00000000d346af88,0x00000000d7400000)
 Metaspace       used 84526K, committed 85888K, reserved 1179648K
  class space    used 9864K, committed 10432K, reserved 1048576K
}
Event: 41.668 GC heap before
{Heap before GC invocations=215 (full 13):
 PSYoungGen      total 30720K, used 30229K [0x00000000eab00000, 0x00000000eca80000, 0x0000000100000000)
  eden space 29184K, 98% used [0x00000000eab00000,0x00000000ec735570,0x00000000ec780000)
  from space 1536K, 87% used [0x00000000ec780000,0x00000000ec8d0000,0x00000000ec900000)
  to   space 1536K, 0% used [0x00000000ec900000,0x00000000ec900000,0x00000000eca80000)
 ParOldGen       total 380928K, used 315819K [0x00000000c0000000, 0x00000000d7400000, 0x00000000eab00000)
  object space 380928K, 82% used [0x00000000c0000000,0x00000000d346af88,0x00000000d7400000)
 Metaspace       used 84577K, committed 85952K, reserved 1179648K
  class space    used 9867K, committed 10432K, reserved 1048576K
}
Event: 41.678 GC heap after
{Heap after GC invocations=215 (full 13):
 PSYoungGen      total 25600K, used 1512K [0x00000000eab00000, 0x00000000ed480000, 0x0000000100000000)
  eden space 24064K, 0% used [0x00000000eab00000,0x00000000eab00000,0x00000000ec280000)
  from space 1536K, 98% used [0x00000000ec900000,0x00000000eca7a018,0x00000000eca80000)
  to   space 6656K, 0% used [0x00000000ec280000,0x00000000ec280000,0x00000000ec900000)
 ParOldGen       total 380928K, used 320099K [0x00000000c0000000, 0x00000000d7400000, 0x00000000eab00000)
  object space 380928K, 84% used [0x00000000c0000000,0x00000000d3898f88,0x00000000d7400000)
 Metaspace       used 84577K, committed 85952K, reserved 1179648K
  class space    used 9867K, committed 10432K, reserved 1048576K
}
Event: 41.786 GC heap before
{Heap before GC invocations=216 (full 13):
 PSYoungGen      total 25600K, used 25576K [0x00000000eab00000, 0x00000000ed480000, 0x0000000100000000)
  eden space 24064K, 100% used [0x00000000eab00000,0x00000000ec280000,0x00000000ec280000)
  from space 1536K, 98% used [0x00000000ec900000,0x00000000eca7a018,0x00000000eca80000)
  to   space 6656K, 0% used [0x00000000ec280000,0x00000000ec280000,0x00000000ec900000)
 ParOldGen       total 380928K, used 320099K [0x00000000c0000000, 0x00000000d7400000, 0x00000000eab00000)
  object space 380928K, 84% used [0x00000000c0000000,0x00000000d3898f88,0x00000000d7400000)
 Metaspace       used 84800K, committed 86144K, reserved 1179648K
  class space    used 9887K, committed 10432K, reserved 1048576K
}
Event: 41.790 GC heap after
{Heap after GC invocations=216 (full 13):
 PSYoungGen      total 30208K, used 5764K [0x00000000eab00000, 0x00000000ece80000, 0x0000000100000000)
  eden space 24064K, 0% used [0x00000000eab00000,0x00000000eab00000,0x00000000ec280000)
  from space 6144K, 93% used [0x00000000ec280000,0x00000000ec821050,0x00000000ec880000)
  to   space 6144K, 0% used [0x00000000ec880000,0x00000000ec880000,0x00000000ece80000)
 ParOldGen       total 380928K, used 320139K [0x00000000c0000000, 0x00000000d7400000, 0x00000000eab00000)
  object space 380928K, 84% used [0x00000000c0000000,0x00000000d38a2f88,0x00000000d7400000)
 Metaspace       used 84800K, committed 86144K, reserved 1179648K
  class space    used 9887K, committed 10432K, reserved 1048576K
}
Event: 41.943 GC heap before
{Heap before GC invocations=217 (full 13):
 PSYoungGen      total 30208K, used 29828K [0x00000000eab00000, 0x00000000ece80000, 0x0000000100000000)
  eden space 24064K, 100% used [0x00000000eab00000,0x00000000ec280000,0x00000000ec280000)
  from space 6144K, 93% used [0x00000000ec280000,0x00000000ec821050,0x00000000ec880000)
  to   space 6144K, 0% used [0x00000000ec880000,0x00000000ec880000,0x00000000ece80000)
 ParOldGen       total 380928K, used 320139K [0x00000000c0000000, 0x00000000d7400000, 0x00000000eab00000)
  object space 380928K, 84% used [0x00000000c0000000,0x00000000d38a2f88,0x00000000d7400000)
 Metaspace       used 84972K, committed 86272K, reserved 1179648K
  class space    used 9888K, committed 10432K, reserved 1048576K
}
Event: 41.948 GC heap after
{Heap after GC invocations=217 (full 13):
 PSYoungGen      total 30208K, used 5652K [0x00000000eab00000, 0x00000000ece80000, 0x0000000100000000)
  eden space 24064K, 0% used [0x00000000eab00000,0x00000000eab00000,0x00000000ec280000)
  from space 6144K, 92% used [0x00000000ec880000,0x00000000ece052c0,0x00000000ece80000)
  to   space 6144K, 0% used [0x00000000ec280000,0x00000000ec280000,0x00000000ec880000)
 ParOldGen       total 380928K, used 320147K [0x00000000c0000000, 0x00000000d7400000, 0x00000000eab00000)
  object space 380928K, 84% used [0x00000000c0000000,0x00000000d38a4f88,0x00000000d7400000)
 Metaspace       used 84972K, committed 86272K, reserved 1179648K
  class space    used 9888K, committed 10432K, reserved 1048576K
}
Event: 42.067 GC heap before
{Heap before GC invocations=218 (full 13):
 PSYoungGen      total 30208K, used 29716K [0x00000000eab00000, 0x00000000ece80000, 0x0000000100000000)
  eden space 24064K, 100% used [0x00000000eab00000,0x00000000ec280000,0x00000000ec280000)
  from space 6144K, 92% used [0x00000000ec880000,0x00000000ece052c0,0x00000000ece80000)
  to   space 6144K, 0% used [0x00000000ec280000,0x00000000ec280000,0x00000000ec880000)
 ParOldGen       total 380928K, used 320147K [0x00000000c0000000, 0x00000000d7400000, 0x00000000eab00000)
  object space 380928K, 84% used [0x00000000c0000000,0x00000000d38a4f88,0x00000000d7400000)
 Metaspace       used 85037K, committed 86336K, reserved 1179648K
  class space    used 9888K, committed 10432K, reserved 1048576K
}
Event: 42.071 GC heap after
{Heap after GC invocations=218 (full 13):
 PSYoungGen      total 30208K, used 6132K [0x00000000eab00000, 0x00000000ed080000, 0x0000000100000000)
  eden space 24064K, 0% used [0x00000000eab00000,0x00000000eab00000,0x00000000ec280000)
  from space 6144K, 99% used [0x00000000ec280000,0x00000000ec87d2c0,0x00000000ec880000)
  to   space 7168K, 0% used [0x00000000ec980000,0x00000000ec980000,0x00000000ed080000)
 ParOldGen       total 380928K, used 320630K [0x00000000c0000000, 0x00000000d7400000, 0x00000000eab00000)
  object space 380928K, 84% used [0x00000000c0000000,0x00000000d391d898,0x00000000d7400000)
 Metaspace       used 85037K, committed 86336K, reserved 1179648K
  class space    used 9888K, committed 10432K, reserved 1048576K
}
Event: 42.192 GC heap before
{Heap before GC invocations=219 (full 13):
 PSYoungGen      total 30208K, used 30196K [0x00000000eab00000, 0x00000000ed080000, 0x0000000100000000)
  eden space 24064K, 100% used [0x00000000eab00000,0x00000000ec280000,0x00000000ec280000)
  from space 6144K, 99% used [0x00000000ec280000,0x00000000ec87d2c0,0x00000000ec880000)
  to   space 7168K, 0% used [0x00000000ec980000,0x00000000ec980000,0x00000000ed080000)
 ParOldGen       total 380928K, used 320630K [0x00000000c0000000, 0x00000000d7400000, 0x00000000eab00000)
  object space 380928K, 84% used [0x00000000c0000000,0x00000000d391d898,0x00000000d7400000)
 Metaspace       used 85133K, committed 86400K, reserved 1179648K
  class space    used 9888K, committed 10432K, reserved 1048576K
}
Event: 42.195 GC heap after
{Heap after GC invocations=219 (full 13):
 PSYoungGen      total 30720K, used 6159K [0x00000000eab00000, 0x00000000ed000000, 0x0000000100000000)
  eden space 24064K, 0% used [0x00000000eab00000,0x00000000eab00000,0x00000000ec280000)
  from space 6656K, 92% used [0x00000000ec980000,0x00000000ecf83d40,0x00000000ed000000)
  to   space 6656K, 0% used [0x00000000ec300000,0x00000000ec300000,0x00000000ec980000)
 ParOldGen       total 380928K, used 320662K [0x00000000c0000000, 0x00000000d7400000, 0x00000000eab00000)
  object space 380928K, 84% used [0x00000000c0000000,0x00000000d3925898,0x00000000d7400000)
 Metaspace       used 85133K, committed 86400K, reserved 1179648K
  class space    used 9888K, committed 10432K, reserved 1048576K
}
Event: 42.319 GC heap before
{Heap before GC invocations=220 (full 13):
 PSYoungGen      total 30720K, used 30223K [0x00000000eab00000, 0x00000000ed000000, 0x0000000100000000)
  eden space 24064K, 100% used [0x00000000eab00000,0x00000000ec280000,0x00000000ec280000)
  from space 6656K, 92% used [0x00000000ec980000,0x00000000ecf83d40,0x00000000ed000000)
  to   space 6656K, 0% used [0x00000000ec300000,0x00000000ec300000,0x00000000ec980000)
 ParOldGen       total 380928K, used 320662K [0x00000000c0000000, 0x00000000d7400000, 0x00000000eab00000)
  object space 380928K, 84% used [0x00000000c0000000,0x00000000d3925898,0x00000000d7400000)
 Metaspace       used 85213K, committed 86528K, reserved 1179648K
  class space    used 9888K, committed 10432K, reserved 1048576K
}
Event: 42.323 GC heap after
{Heap after GC invocations=220 (full 13):
 PSYoungGen      total 30720K, used 6647K [0x00000000eab00000, 0x00000000ed180000, 0x0000000100000000)
  eden space 24064K, 0% used [0x00000000eab00000,0x00000000eab00000,0x00000000ec280000)
  from space 6656K, 99% used [0x00000000ec300000,0x00000000ec97dea0,0x00000000ec980000)
  to   space 7680K, 0% used [0x00000000eca00000,0x00000000eca00000,0x00000000ed180000)
 ParOldGen       total 380928K, used 321035K [0x00000000c0000000, 0x00000000d7400000, 0x00000000eab00000)
  object space 380928K, 84% used [0x00000000c0000000,0x00000000d3982ea0,0x00000000d7400000)
 Metaspace       used 85213K, committed 86528K, reserved 1179648K
  class space    used 9888K, committed 10432K, reserved 1048576K
}
Event: 42.437 GC heap before
{Heap before GC invocations=221 (full 13):
 PSYoungGen      total 30720K, used 30711K [0x00000000eab00000, 0x00000000ed180000, 0x0000000100000000)
  eden space 24064K, 100% used [0x00000000eab00000,0x00000000ec280000,0x00000000ec280000)
  from space 6656K, 99% used [0x00000000ec300000,0x00000000ec97dea0,0x00000000ec980000)
  to   space 7680K, 0% used [0x00000000eca00000,0x00000000eca00000,0x00000000ed180000)
 ParOldGen       total 380928K, used 321035K [0x00000000c0000000, 0x00000000d7400000, 0x00000000eab00000)
  object space 380928K, 84% used [0x00000000c0000000,0x00000000d3982ea0,0x00000000d7400000)
 Metaspace       used 85258K, committed 86528K, reserved 1179648K
  class space    used 9888K, committed 10432K, reserved 1048576K
}
Event: 42.442 GC heap after
{Heap after GC invocations=221 (full 13):
 PSYoungGen      total 31744K, used 7477K [0x00000000eab00000, 0x00000000ed180000, 0x0000000100000000)
  eden space 24064K, 0% used [0x00000000eab00000,0x00000000eab00000,0x00000000ec280000)
  from space 7680K, 97% used [0x00000000eca00000,0x00000000ed14d758,0x00000000ed180000)
  to   space 7680K, 0% used [0x00000000ec280000,0x00000000ec280000,0x00000000eca00000)
 ParOldGen       total 380928K, used 321099K [0x00000000c0000000, 0x00000000d7400000, 0x00000000eab00000)
  object space 380928K, 84% used [0x00000000c0000000,0x00000000d3992ea0,0x00000000d7400000)
 Metaspace       used 85258K, committed 86528K, reserved 1179648K
  class space    used 9888K, committed 10432K, reserved 1048576K
}

